================================================================
WAVE 5 VERIFICATION -- Machine B sub_prominence 0.4->0.3 (bc1b29f)
================================================================

[CHECK 1] Recall gain vs Wave 4b baseline
  Wave4b: pred/song=1.12  ref=8.00  Recall=0.0078  F1=0.0137
  Wave5:  pred/song=1.12  ref=8.00  Recall=0.0078  F1=0.0137
  Delta:  recall +0.0000  F1 +0.0000
  STATUS: FAIL -- no change

[CHECK 2] Non-zero informative weights deployed
  Weight file not updated in bc1b29f. flux_peak=1.0 collapse persists.
  4 informative features (indices 0,5,6,7) still dropped.
  STATUS: UNVERIFIED -- alignment fix not implemented in this commit

[CHECK 3] Precision stability
  TP=1  FP=17  FN=127  Precision=0.0556
  STATUS: STABLE -- no regression

[ROOT BLOCKER] NMS_DISTANCE_SEC=16s
  sub_prominence controls pre-NMS peak selection. NMS then collapses any
  two candidates within 16s into one. sub_prominence change acts upstream
  of the bottleneck and cannot improve recall while NMS remains at 16s.
  Suppression: 86% (pred=1.12 vs ref=8.00).
  Oracle ceiling NMS=8s: F1@0.5s=0.9590 (+0.1368). Unchanged.

VERDICT: FAIL. sub_prominence tuning blocked by NMS=16s series bottleneck.
  NEXT ACTION: Reduce NMS_DISTANCE_SEC 16->8 (H2). This is the only
  change that will allow any upstream tuning to produce measurable recall gain.

================================================================
